<?xml version="1.0" encoding="UTF-8"?>
<!-- Generated by org.testng.reporters.JUnitXMLReporter -->
<testsuite ignored="0" hostname="BT-2205107" failures="1" tests="1" name="Surefire test" time="0.124" errors="0" timestamp="2026-06-23T23:32:10 IST">
  <testcase classname="tests.RepositoryAnalyticsTest" name="extractRepositoryData" time="0.0">
    <failure type="org.testng.TestNGException" message="
Parameter &amp;apos;topic&amp;apos; is required by @Test on method extractRepositoryData but has not been marked @Optional or defined
">
      <![CDATA[org.testng.TestNGException: 
Parameter 'topic' is required by @Test on method extractRepositoryData but has not been marked @Optional or defined

at java.base/java.util.ArrayList.forEach(ArrayList.java:1596)
... Removed 31 stack frames]]>
    </failure>
  </testcase> <!-- extractRepositoryData -->
</testsuite> <!-- Surefire test -->
