<?xml version="1.0" encoding="UTF-8"?>
<!-- Generated by org.testng.reporters.JUnitXMLReporter -->
<testsuite ignored="0" hostname="BT-2205107" failures="0" tests="3" name="GitHub Analytics Tests" time="77.127" errors="0" timestamp="2026-06-23T22:42:15 IST">
  <testcase classname="tests.GitHubSearchTest" name="openJavaTopic" time="17.201"/>
  <testcase classname="tests.GitHubSearchTest" name="verifyTopicsPageLoads" time="15.096"/>
  <testcase classname="tests.RepositoryAnalyticsTest" name="extractRepositoryData" time="36.681"/>
</testsuite> <!-- GitHub Analytics Tests -->
